<?xml version="1.0" encoding="UTF-8"?>
<testng-results ignored="0" total="1" passed="1" failed="0" skipped="0">
  <reporter-output>
  </reporter-output>
  <suite started-at="2024-05-06T13:48:28 IST" name="Default suite" finished-at="2024-05-06T13:50:19 IST" duration-ms="111544">
    <groups>
    </groups>
    <test started-at="2024-05-06T13:48:28 IST" name="Default test" finished-at="2024-05-06T13:50:19 IST" duration-ms="111544">
      <class name="TestCase.HotelSearch_TestCase">
        <test-method is-config="true" signature="setUp()[pri:0, instance:TestCase.HotelSearch_TestCase@57a3af25]" started-at="2024-05-06T13:48:28 IST" name="setUp" finished-at="2024-05-06T13:48:33 IST" duration-ms="4957" status="PASS">
          <reporter-output>
          </reporter-output>
        </test-method> <!-- setUp -->
        <test-method signature="hotelSearchTest()[pri:0, instance:TestCase.HotelSearch_TestCase@57a3af25]" started-at="2024-05-06T13:48:33 IST" name="hotelSearchTest" finished-at="2024-05-06T13:50:19 IST" duration-ms="106172" status="PASS">
          <reporter-output>
          </reporter-output>
        </test-method> <!-- hotelSearchTest -->
        <test-method is-config="true" signature="tearDown()[pri:0, instance:TestCase.HotelSearch_TestCase@57a3af25]" started-at="2024-05-06T13:50:19 IST" name="tearDown" finished-at="2024-05-06T13:50:19 IST" duration-ms="390" status="PASS">
          <reporter-output>
          </reporter-output>
        </test-method> <!-- tearDown -->
      </class> <!-- TestCase.HotelSearch_TestCase -->
    </test> <!-- Default test -->
  </suite> <!-- Default suite -->
</testng-results>
